parameter list:
batch size:	128
learn rate:	0.5000
regular lambda:	0.0000
====================
4.4102	3.4741
4.4551	3.5439
4.5055	3.5863
4.5430	3.6300
4.5449	3.6322
4.5722	3.6676
4.6174	3.7363
4.7421	3.8099
5.3198	4.1764
4.8394	3.9532
4.8791	3.8919
4.7609	3.8885
4.8314	3.9021
4.8257	3.9728
6.5609	5.1383
5.7585	4.5016
5.4109	4.5045
5.4629	4.5199
4.9445	4.0771
4.9870	4.1389
5.2106	4.3965
8.0003	6.6625
5.0496	4.1144
nan	nan
nan	nan
nan	nan
nan	nan
nan	nan
nan	nan
nan	nan
nan	nan
nan	nan
nan	nan
nan	nan
nan	nan
nan	nan
nan	nan
nan	nan
nan	nan
nan	nan
nan	nan
nan	nan
nan	nan
nan	nan
nan	nan
nan	nan
nan	nan
nan	nan
nan	nan
nan	nan
nan	nan
nan	nan
nan	nan
nan	nan
nan	nan
nan	nan
nan	nan
nan	nan
nan	nan
nan	nan
nan	nan
nan	nan
nan	nan
nan	nan
nan	nan
nan	nan
nan	nan
nan	nan
nan	nan
nan	nan
nan	nan
nan	nan
nan	nan
nan	nan
nan	nan
nan	nan
nan	nan
nan	nan
nan	nan
nan	nan
nan	nan
nan	nan
nan	nan
nan	nan
nan	nan
nan	nan
nan	nan
nan	nan
nan	nan
nan	nan
nan	nan
nan	nan
nan	nan
nan	nan
nan	nan
nan	nan
nan	nan
nan	nan
nan	nan
nan	nan
